# JRE version: OpenJDK Runtime Environment (21.0.5) (build 21.0.5+-13047016-b750.29)
# Java VM: OpenJDK 64-Bit Server VM (21.0.5+-13047016-b750.29, mixed mode, tiered, compressed oops, compressed class ptrs, g1 gc, windows-amd64)
GC Precious Log:
 CardTable entry size: 512
 Card Set container configuration: InlinePtr #cards 5 size 8 Array Of Cards #cards 12 size 40 Howl #buckets 4 coarsen threshold 1843 Howl Bitmap #cards 512 size 80 coarsen threshold 460 Card regions per heap region 1 cards per card region 2048
 CPUs: 4 total, 4 available
 Memory: 7656M
 Large Page Support: Disabled
 NUMA Support: Disabled
 Compressed Oops: Enabled (32-bit)
 Heap Region Size: 1M
 Heap Min Capacity: 8M
 Heap Initial Capacity: 120M
 Heap Max Capacity: 2G
 Pre-touch: Disabled
 Parallel Workers: 4
 Concurrent Workers: 1
 Concurrent Refinement Workers: 4
 Periodic GC: Disabled
Heap:
 garbage-first heap   total 306176K, used 204160K [0x0000000080000000, 0x0000000100000000)
  region size 1024K, 77 young (78848K), 8 survivors (8192K)
 Metaspace       used 146655K, committed 150336K, reserved 1179648K
  class space    used 18972K, committed 20672K, reserved 1048576K
GC Heap History (20 events):
Event: 2102.610 GC heap before
{Heap before GC invocations=74 (full 0):
 garbage-first heap   total 277504K, used 268016K [0x0000000080000000, 0x0000000100000000)
  region size 1024K, 118 young (120832K), 10 survivors (10240K)
 Metaspace       used 145211K, committed 150208K, reserved 1179648K
  class space    used 18860K, committed 20672K, reserved 1048576K
}
Event: 2102.627 GC heap after
{Heap after GC invocations=75 (full 0):
 garbage-first heap   total 277504K, used 121241K [0x0000000080000000, 0x0000000100000000)
  region size 1024K, 2 young (2048K), 2 survivors (2048K)
 Metaspace       used 145211K, committed 150208K, reserved 1179648K
  class space    used 18860K, committed 20672K, reserved 1048576K
}
Event: 2314.668 GC heap before
{Heap before GC invocations=75 (full 0):
 garbage-first heap   total 277504K, used 268697K [0x0000000080000000, 0x0000000100000000)
  region size 1024K, 130 young (133120K), 2 survivors (2048K)
 Metaspace       used 145386K, committed 150272K, reserved 1179648K
  class space    used 18861K, committed 20672K, reserved 1048576K
}
Event: 2314.783 GC heap after
{Heap after GC invocations=76 (full 0):
 garbage-first heap   total 295936K, used 122973K [0x0000000080000000, 0x0000000100000000)
  region size 1024K, 13 young (13312K), 13 survivors (13312K)
 Metaspace       used 145386K, committed 150272K, reserved 1179648K
  class space    used 18861K, committed 20672K, reserved 1048576K
}
Event: 2412.323 GC heap before
{Heap before GC invocations=76 (full 0):
 garbage-first heap   total 295936K, used 272477K [0x0000000080000000, 0x0000000100000000)
  region size 1024K, 145 young (148480K), 13 survivors (13312K)
 Metaspace       used 145544K, committed 150272K, reserved 1179648K
  class space    used 18863K, committed 20672K, reserved 1048576K
}
Event: 2412.363 GC heap after
{Heap after GC invocations=77 (full 0):
 garbage-first heap   total 306176K, used 136122K [0x0000000080000000, 0x0000000100000000)
  region size 1024K, 19 young (19456K), 19 survivors (19456K)
 Metaspace       used 145544K, committed 150272K, reserved 1179648K
  class space    used 18863K, committed 20672K, reserved 1048576K
}
Event: 2412.389 GC heap before
{Heap before GC invocations=77 (full 0):
 garbage-first heap   total 306176K, used 145338K [0x0000000080000000, 0x0000000100000000)
  region size 1024K, 29 young (29696K), 19 survivors (19456K)
 Metaspace       used 145544K, committed 150272K, reserved 1179648K
  class space    used 18863K, committed 20672K, reserved 1048576K
}
Event: 2412.411 GC heap after
{Heap after GC invocations=78 (full 0):
 garbage-first heap   total 306176K, used 144896K [0x0000000080000000, 0x0000000100000000)
  region size 1024K, 10 young (10240K), 10 survivors (10240K)
 Metaspace       used 145544K, committed 150272K, reserved 1179648K
  class space    used 18863K, committed 20672K, reserved 1048576K
}
Event: 2481.661 GC heap before
{Heap before GC invocations=79 (full 0):
 garbage-first heap   total 306176K, used 228864K [0x0000000080000000, 0x0000000100000000)
  region size 1024K, 80 young (81920K), 10 survivors (10240K)
 Metaspace       used 146134K, committed 150336K, reserved 1179648K
  class space    used 18947K, committed 20672K, reserved 1048576K
}
Event: 2481.678 GC heap after
{Heap after GC invocations=80 (full 0):
 garbage-first heap   total 306176K, used 150016K [0x0000000080000000, 0x0000000100000000)
  region size 1024K, 8 young (8192K), 8 survivors (8192K)
 Metaspace       used 146134K, committed 150336K, reserved 1179648K
  class space    used 18947K, committed 20672K, reserved 1048576K
}
Event: 2484.881 GC heap before
{Heap before GC invocations=80 (full 0):
 garbage-first heap   total 306176K, used 244224K [0x0000000080000000, 0x0000000100000000)
  region size 1024K, 84 young (86016K), 8 survivors (8192K)
 Metaspace       used 146228K, committed 150336K, reserved 1179648K
  class space    used 18949K, committed 20672K, reserved 1048576K
}
Event: 2484.892 GC heap after
{Heap after GC invocations=81 (full 0):
 garbage-first heap   total 306176K, used 147198K [0x0000000080000000, 0x0000000100000000)
  region size 1024K, 5 young (5120K), 5 survivors (5120K)
 Metaspace       used 146228K, committed 150336K, reserved 1179648K
  class space    used 18949K, committed 20672K, reserved 1048576K
}
Event: 2485.200 GC heap before
{Heap before GC invocations=81 (full 0):
 garbage-first heap   total 306176K, used 192254K [0x0000000080000000, 0x0000000100000000)
  region size 1024K, 51 young (52224K), 5 survivors (5120K)
 Metaspace       used 146341K, committed 150336K, reserved 1179648K
  class space    used 18950K, committed 20672K, reserved 1048576K
}
Event: 2485.207 GC heap after
{Heap after GC invocations=82 (full 0):
 garbage-first heap   total 306176K, used 150264K [0x0000000080000000, 0x0000000100000000)
  region size 1024K, 8 young (8192K), 8 survivors (8192K)
 Metaspace       used 146341K, committed 150336K, reserved 1179648K
  class space    used 18950K, committed 20672K, reserved 1048576K
}
Event: 2486.437 GC heap before
{Heap before GC invocations=83 (full 0):
 garbage-first heap   total 306176K, used 226040K [0x0000000080000000, 0x0000000100000000)
  region size 1024K, 99 young (101376K), 8 survivors (8192K)
 Metaspace       used 146732K, committed 150336K, reserved 1179648K
  class space    used 18983K, committed 20672K, reserved 1048576K
}
Event: 2486.450 GC heap after
{Heap after GC invocations=84 (full 0):
 garbage-first heap   total 306176K, used 134037K [0x0000000080000000, 0x0000000100000000)
  region size 1024K, 11 young (11264K), 11 survivors (11264K)
 Metaspace       used 146732K, committed 150336K, reserved 1179648K
  class space    used 18983K, committed 20672K, reserved 1048576K
}
Event: 2525.152 GC heap before
{Heap before GC invocations=84 (full 0):
 garbage-first heap   total 306176K, used 256917K [0x0000000080000000, 0x0000000100000000)
  region size 1024K, 117 young (119808K), 11 survivors (11264K)
 Metaspace       used 146852K, committed 150336K, reserved 1179648K
  class space    used 18987K, committed 20672K, reserved 1048576K
}
Event: 2525.159 GC heap after
{Heap after GC invocations=85 (full 0):
 garbage-first heap   total 306176K, used 114837K [0x0000000080000000, 0x0000000100000000)
  region size 1024K, 4 young (4096K), 4 survivors (4096K)
 Metaspace       used 146852K, committed 150336K, reserved 1179648K
  class space    used 18987K, committed 20672K, reserved 1048576K
}
Event: 2525.641 GC heap before
{Heap before GC invocations=85 (full 0):
 garbage-first heap   total 306176K, used 135317K [0x0000000080000000, 0x0000000100000000)
  region size 1024K, 26 young (26624K), 4 survivors (4096K)
 Metaspace       used 146895K, committed 150336K, reserved 1179648K
  class space    used 18988K, committed 20672K, reserved 1048576K
}
Event: 2525.652 GC heap after
{Heap after GC invocations=86 (full 0):
 garbage-first heap   total 306176K, used 118144K [0x0000000080000000, 0x0000000100000000)
  region size 1024K, 8 young (8192K), 8 survivors (8192K)
 Metaspace       used 146895K, committed 150336K, reserved 1179648K
  class space    used 18988K, committed 20672K, reserved 1048576K
}

